<?xml version="1.0" encoding="UTF-8"?>
<!-- Generated by org.testng.reporters.JUnitReportReporter -->
<testsuite hostname="Dudws-MacBook-Pro.local" failures="0" tests="2" name="folkatech.technicalTestNG" time="41.699" errors="0" timestamp="2024-12-25T06:08:56 WIB" skipped="0">
  <testcase classname="folkatech.technicalTestNG" name="testValidLogin" time="35.497"/>
  <testcase classname="folkatech.technicalTestNG" name="testInvalidLogin" time="6.202"/>
</testsuite> <!-- folkatech.technicalTestNG -->
